<?xml version="1.0" encoding="UTF-8"?>
<!-- Generated by org.testng.reporters.JUnitReportReporter -->
<testsuite hostname="DESKTOP-JIO8SA8" failures="0" tests="5" name="tests.LaunchTest" time="1.321" errors="0" timestamp="2023-07-26T12:51:38 IST" skipped="0">
  <testcase classname="tests.LaunchTest" name="launch" time="0.156"/>
  <system-out>
    <![CDATA[launch the brouser 
inside test3 33]]>
  </system-out>
  <testcase classname="tests.LaunchTest" name="closeBrowser" time="0.949"/>
  <system-out>
    <![CDATA[close the brouser 
inside test3 32]]>
  </system-out>
  <testcase classname="tests.LaunchTest" name="test3" time="0.002"/>
  <system-out>
    <![CDATA[inside test3 32]]>
  </system-out>
  <testcase classname="tests.LaunchTest" name="test4" time="0.002"/>
  <system-out>
    <![CDATA[inside test4 32]]>
  </system-out>
  <testcase classname="tests.LaunchTest" name="launch" time="0.212"/>
  <system-out>
    <![CDATA[launch the brouser 
inside test3 33]]>
  </system-out>
</testsuite> <!-- tests.LaunchTest -->
